<?xml version="1.0" encoding="UTF-8"?>
<!-- Generated by org.testng.reporters.JUnitXMLReporter -->
<testsuite hostname="DESKTOP-3A3EDIS" failures="0" tests="4" name="Regression1" time="42.656" errors="0" timestamp="8 Feb 2022 10:37:27 GMT">
  <testcase classname="com.Hrms.TestScripts.TC001" name="tc001" time="8.25"/>
  <testcase classname="com.Hrms.TestScripts.TC002" name="tc002" time="12.321"/>
  <testcase classname="com.Hrms.TestScripts.TC003" name="tc003" time="14.386"/>
  <testcase classname="com.Hrms.TestScripts.TC004" name="tc004" time="7.625"/>
</testsuite> <!-- Regression1 -->
